Build started 6/1/2017 4:19:46 PM.
     1>Project "Z:\Mamat\hmw4\hw4\hw4.vcxproj" on node 2 (Build target(s)).
     1>ClCompile:
         C:\Program Files (x86)\Microsoft Visual Studio 14.0\VC\bin\CL.exe /c /ZI /nologo /W3 /WX- /sdl /Od /Oy- /D WIN32 /D _DEBUG /D _CONSOLE /D _UNICODE /D UNICODE /Gm /EHsc /RTC1 /MDd /GS /fp:precise /Zc:wchar_t /Zc:forScope /Zc:inline /Fo"Debug\\" /Fd"Debug\vc140.pdb" /Gd /TP /analyze- /errorReport:prompt Course.cpp CS_Course.cpp EE_Course.cpp main.cpp
         main.cpp
     1>z:\mamat\hmw4\hw4\main.cpp(6): fatal error C1083: Cannot open include file: 'StArray.h': No such file or directory
         EE_Course.cpp
     1>z:\mamat\hmw4\hw4\ee_course.h(10): error C2059: syntax error: ')'
     1>z:\mamat\hmw4\hw4\ee_course.h(10): error C2969: syntax error: ';': expected member function definition to end with '}'
     1>z:\mamat\hmw4\hw4\ee_course.h(10): error C2612: trailing 'identifier' illegal in base/member initializer list
     1>z:\mamat\hmw4\hw4\ee_course.cpp(27): fatal error C1004: unexpected end-of-file found
         CS_Course.cpp
     1>z:\mamat\hmw4\hw4\cs_course.cpp(4): error C2512: 'Course': no appropriate default constructor available
         z:\mamat\hmw4\hw4\course.h(12): note: see declaration of 'Course'
         Course.cpp
         Generating Code...
     1>Done Building Project "Z:\Mamat\hmw4\hw4\hw4.vcxproj" (Build target(s)) -- FAILED.

Build FAILED.

Time Elapsed 00:00:03.52
